<?xml version="1.0" encoding="UTF-8"?>
<testsuite name="QwenStopSequencesTest" tests="2" skipped="0" failures="0" errors="0" timestamp="2025-10-10T21:09:28.828Z" hostname="cage-desktop" time="0.056">
  <properties/>
  <testcase name="testQwenBuilderAccessibility()" classname="QwenStopSequencesTest" time="0.052"/>
  <testcase name="testMultimodalQwenStopSequences()" classname="QwenStopSequencesTest" time="0.002"/>
  <system-out><![CDATA[]]></system-out>
  <system-err><![CDATA[]]></system-err>
</testsuite>
