<?xml version="1.0" encoding="UTF-8"?>
<testsuite name="com.TTT.Debug.SplitterTracingTest" tests="1" skipped="0" failures="0" errors="0" timestamp="2025-10-12T03:35:43.852Z" hostname="cage-desktop" time="0.414">
  <properties/>
  <testcase name="testSplitterTracingSystem" classname="com.TTT.Debug.SplitterTracingTest" time="0.414"/>
  <system-out><![CDATA[]]>&#x1f3af;<![CDATA[ Splitter completed with 1 results
✅ Pipeline AnalysisPipeline2 completed: Validated analysis input...
✅ Pipeline SummaryPipeline1 completed: Extracted key points...
✅ Pipeline AnalysisPipeline1 completed: Analysis result from engine...
]]>&#x1f3af;<![CDATA[ Splitter completed with 3 results
]]>&#x1f4ca;<![CDATA[ Actual results count: 3
]]>&#x1f50d;<![CDATA[ Comprehensive trace report: /home/cage/Desktop/Workspaces/TPipe/TPipe/splitter_comprehensive_trace.html
]]>&#x1f4ca;<![CDATA[ Shows 3 pipeline results across multiple keys
]]></system-out>
  <system-err><![CDATA[]]></system-err>
</testsuite>
